android/app/build/intermediates/manifest_merge_blame_file/release/manifest-merger-blame-release-report.txt
1<?xml version="1.0" encoding="utf-8"?>
2<manifest xmlns:android="http://schemas.android.com/apk/res/android"
3    package="com.karimapps.Khinbo.app"
4    android:versionCode="10"
5    android:versionName="1.9" >
6
7    <uses-sdk
8        android:minSdkVersion="21"
8-->src/main/AndroidManifest.xml
9        android:targetSdkVersion="31" />
9-->src/main/AndroidManifest.xml
10
11    <uses-permission android:name="android.permission.INTERNET" />
11-->src/main/AndroidManifest.xml:4:5-67
11-->src/main/AndroidManifest.xml:4:22-64
12    <uses-permission android:name="android.permission.MODIFY_AUDIO_SETTINGS" />
12-->src/main/AndroidManifest.xml:5:5-79
12-->src/main/AndroidManifest.xml:5:22-77
13    <uses-permission android:name="android.permission.READ_EXTERNAL_STORAGE" />
13-->src/main/AndroidManifest.xml:6:5-79
13-->src/main/AndroidManifest.xml:6:22-77
14    <uses-permission android:name="android.permission.RECORD_AUDIO" />
14-->src/main/AndroidManifest.xml:7:5-70
14-->src/main/AndroidManifest.xml:7:22-68
15    <uses-permission android:name="android.permission.SYSTEM_ALERT_WINDOW" />
15-->src/main/AndroidManifest.xml:8:5-77
15-->src/main/AndroidManifest.xml:8:22-75
16    <uses-permission android:name="android.permission.VIBRATE" />
16-->src/main/AndroidManifest.xml:9:5-65
16-->src/main/AndroidManifest.xml:9:22-63
17    <uses-permission android:name="android.permission.WRITE_EXTERNAL_STORAGE" />
17-->src/main/AndroidManifest.xml:10:5-80
17-->src/main/AndroidManifest.xml:10:22-78
18    <uses-permission android:name="android.permission.ACCESS_FINE_LOCATION" />
18-->src/main/AndroidManifest.xml:11:5-78
18-->src/main/AndroidManifest.xml:11:22-76
19    <uses-permission android:name="android.permission.RECEIVE_BOOT_COMPLETED" />
19-->src/main/AndroidManifest.xml:12:5-80
19-->src/main/AndroidManifest.xml:12:22-78
20    <uses-permission android:name="android.permission.DOWNLOAD_WITHOUT_NOTIFICATION" />
20-->src/main/AndroidManifest.xml:13:5-88
20-->src/main/AndroidManifest.xml:13:22-85
21    <uses-permission android:name="android.permission.ACCESS_NETWORK_STATE" />
21-->src/main/AndroidManifest.xml:14:5-79
21-->src/main/AndroidManifest.xml:14:22-76
22    <uses-permission android:name="android.permission.ACCESS_WIFI_STATE" /> <!-- Required to access Google Play Licensing -->
22-->[:react-native-community_netinfo] AndroidManifest.xml:10:5-76
22-->[:react-native-community_netinfo] AndroidManifest.xml:10:22-73
23    <uses-permission android:name="com.android.vending.CHECK_LICENSE" />
23-->[:rn-fetch-blob] AndroidManifest.xml:10:5-73
23-->[:rn-fetch-blob] AndroidManifest.xml:10:22-70
24    <!--
25         Required to keep CPU alive while downloading files
26        (NOT to keep screen awake)
27    -->
28    <uses-permission android:name="android.permission.WAKE_LOCK" />
28-->[:rn-fetch-blob] AndroidManifest.xml:19:5-68
28-->[:rn-fetch-blob] AndroidManifest.xml:19:22-65
29
30    <queries>
30-->[com.facebook.android:facebook-common:15.2.0] AndroidManifest.xml:17:5-19:15
31        <package android:name="com.facebook.katana" />
31-->[com.facebook.android:facebook-common:15.2.0] AndroidManifest.xml:18:9-55
31-->[com.facebook.android:facebook-common:15.2.0] AndroidManifest.xml:18:18-52
32        <!-- Added to check if Chrome is installed for browser-based payment authentication (e.g. 3DS1). -->
33        <package android:name="com.android.chrome" /> <!-- Needs to be explicitly declared on Android R+ -->
33-->[com.stripe:payments-core:19.3.1] AndroidManifest.xml:13:9-54
33-->[com.stripe:payments-core:19.3.1] AndroidManifest.xml:13:18-51
34        <package android:name="com.google.android.apps.maps" />
34-->[com.google.android.gms:play-services-maps:18.0.2] AndroidManifest.xml:33:9-64
34-->[com.google.android.gms:play-services-maps:18.0.2] AndroidManifest.xml:33:18-61
35    </queries>
36
37    <uses-permission android:name="com.google.android.gms.permission.AD_ID" />
37-->[com.facebook.android:facebook-core:15.2.0] AndroidManifest.xml:16:5-79
37-->[com.facebook.android:facebook-core:15.2.0] AndroidManifest.xml:16:22-76
38    <uses-permission android:name="com.google.android.finsky.permission.BIND_GET_INSTALL_REFERRER_SERVICE" />
38-->[com.google.android.gms:play-services-measurement:21.0.0] AndroidManifest.xml:26:5-110
38-->[com.google.android.gms:play-services-measurement:21.0.0] AndroidManifest.xml:26:22-107
39    <uses-permission android:name="android.permission.POST_NOTIFICATIONS" /> <!-- Required by older versions of Google Play services to create IID tokens -->
39-->[com.google.firebase:firebase-messaging:23.0.6] AndroidManifest.xml:26:5-77
39-->[com.google.firebase:firebase-messaging:23.0.6] AndroidManifest.xml:26:22-74
40    <uses-permission android:name="com.google.android.c2dm.permission.RECEIVE" />
40-->[com.google.firebase:firebase-messaging:23.0.6] AndroidManifest.xml:29:5-82
40-->[com.google.firebase:firebase-messaging:23.0.6] AndroidManifest.xml:29:22-79
41
42    <uses-feature
42-->[com.google.android.gms:play-services-maps:18.0.2] AndroidManifest.xml:26:5-28:35
43        android:glEsVersion="0x00020000"
43-->[com.google.android.gms:play-services-maps:18.0.2] AndroidManifest.xml:27:9-41
44        android:required="true" /> <!-- for android -->
44-->[com.google.android.gms:play-services-maps:18.0.2] AndroidManifest.xml:28:9-32
45    <!-- <uses-permission android:name="com.android.launcher.permission.READ_SETTINGS"/> -->
46    <!-- <uses-permission android:name="com.android.launcher.permission.WRITE_SETTINGS"/> -->
47    <!-- <uses-permission android:name="com.android.launcher.permission.INSTALL_SHORTCUT" /> -->
48    <!-- <uses-permission android:name="com.android.launcher.permission.UNINSTALL_SHORTCUT" /> -->
49    <!-- for Samsung -->
50    <uses-permission android:name="com.sec.android.provider.badge.permission.READ" />
50-->[me.leolin:ShortcutBadger:1.1.22] AndroidManifest.xml:19:5-86
50-->[me.leolin:ShortcutBadger:1.1.22] AndroidManifest.xml:19:22-83
51    <uses-permission android:name="com.sec.android.provider.badge.permission.WRITE" /> <!-- for htc -->
51-->[me.leolin:ShortcutBadger:1.1.22] AndroidManifest.xml:20:5-87
51-->[me.leolin:ShortcutBadger:1.1.22] AndroidManifest.xml:20:22-84
52    <uses-permission android:name="com.htc.launcher.permission.READ_SETTINGS" />
52-->[me.leolin:ShortcutBadger:1.1.22] AndroidManifest.xml:23:5-81
52-->[me.leolin:ShortcutBadger:1.1.22] AndroidManifest.xml:23:22-78
53    <uses-permission android:name="com.htc.launcher.permission.UPDATE_SHORTCUT" /> <!-- for sony -->
53-->[me.leolin:ShortcutBadger:1.1.22] AndroidManifest.xml:24:5-83
53-->[me.leolin:ShortcutBadger:1.1.22] AndroidManifest.xml:24:22-80
54    <uses-permission android:name="com.sonyericsson.home.permission.BROADCAST_BADGE" />
54-->[me.leolin:ShortcutBadger:1.1.22] AndroidManifest.xml:27:5-88
54-->[me.leolin:ShortcutBadger:1.1.22] AndroidManifest.xml:27:22-85
55    <uses-permission android:name="com.sonymobile.home.permission.PROVIDER_INSERT_BADGE" /> <!-- for apex -->
55-->[me.leolin:ShortcutBadger:1.1.22] AndroidManifest.xml:28:5-92
55-->[me.leolin:ShortcutBadger:1.1.22] AndroidManifest.xml:28:22-89
56    <uses-permission android:name="com.anddoes.launcher.permission.UPDATE_COUNT" /> <!-- for solid -->
56-->[me.leolin:ShortcutBadger:1.1.22] AndroidManifest.xml:31:5-84
56-->[me.leolin:ShortcutBadger:1.1.22] AndroidManifest.xml:31:22-81
57    <uses-permission android:name="com.majeur.launcher.permission.UPDATE_BADGE" /> <!-- for huawei -->
57-->[me.leolin:ShortcutBadger:1.1.22] AndroidManifest.xml:34:5-83
57-->[me.leolin:ShortcutBadger:1.1.22] AndroidManifest.xml:34:22-80
58    <uses-permission android:name="com.huawei.android.launcher.permission.CHANGE_BADGE" />
58-->[me.leolin:ShortcutBadger:1.1.22] AndroidManifest.xml:37:5-91
58-->[me.leolin:ShortcutBadger:1.1.22] AndroidManifest.xml:37:22-88
59    <uses-permission android:name="com.huawei.android.launcher.permission.READ_SETTINGS" />
59-->[me.leolin:ShortcutBadger:1.1.22] AndroidManifest.xml:38:5-92
59-->[me.leolin:ShortcutBadger:1.1.22] AndroidManifest.xml:38:22-89
60    <uses-permission android:name="com.huawei.android.launcher.permission.WRITE_SETTINGS" /> <!-- for ZUK -->
60-->[me.leolin:ShortcutBadger:1.1.22] AndroidManifest.xml:39:5-93
60-->[me.leolin:ShortcutBadger:1.1.22] AndroidManifest.xml:39:22-90
61    <uses-permission android:name="android.permission.READ_APP_BADGE" /> <!-- for OPPO -->
61-->[me.leolin:ShortcutBadger:1.1.22] AndroidManifest.xml:42:5-73
61-->[me.leolin:ShortcutBadger:1.1.22] AndroidManifest.xml:42:22-70
62    <uses-permission android:name="com.oppo.launcher.permission.READ_SETTINGS" />
62-->[me.leolin:ShortcutBadger:1.1.22] AndroidManifest.xml:45:5-82
62-->[me.leolin:ShortcutBadger:1.1.22] AndroidManifest.xml:45:22-79
63    <uses-permission android:name="com.oppo.launcher.permission.WRITE_SETTINGS" /> <!-- for EvMe -->
63-->[me.leolin:ShortcutBadger:1.1.22] AndroidManifest.xml:46:5-83
63-->[me.leolin:ShortcutBadger:1.1.22] AndroidManifest.xml:46:22-80
64    <uses-permission android:name="me.everything.badger.permission.BADGE_COUNT_READ" />
64-->[me.leolin:ShortcutBadger:1.1.22] AndroidManifest.xml:49:5-88
64-->[me.leolin:ShortcutBadger:1.1.22] AndroidManifest.xml:49:22-85
65    <uses-permission android:name="me.everything.badger.permission.BADGE_COUNT_WRITE" />
65-->[me.leolin:ShortcutBadger:1.1.22] AndroidManifest.xml:50:5-89
65-->[me.leolin:ShortcutBadger:1.1.22] AndroidManifest.xml:50:22-86
66
67    <application
67-->src/main/AndroidManifest.xml:16:5-83:19
68        android:name="com.karimapps.khinbo.MainApplication"
68-->src/main/AndroidManifest.xml:17:7-38
69        android:allowBackup="false"
69-->src/main/AndroidManifest.xml:21:7-34
70        android:appComponentFactory="androidx.core.app.CoreComponentFactory"
70-->[androidx.core:core:1.7.0] AndroidManifest.xml:24:18-86
71        android:icon="@drawable/khinbo"
71-->src/main/AndroidManifest.xml:19:7-38
72        android:label="@string/app_name"
72-->src/main/AndroidManifest.xml:18:7-39
73        android:roundIcon="@drawable/khinbo"
73-->src/main/AndroidManifest.xml:20:7-43
74        android:supportsRtl="true"
74-->[com.facebook.android:facebook-android-sdk:15.2.0] AndroidManifest.xml:16:18-44
75        android:theme="@style/AppTheme" >
75-->src/main/AndroidManifest.xml:22:7-38
76        <meta-data
76-->src/main/AndroidManifest.xml:23:7-105
77            android:name="com.facebook.sdk.ApplicationId"
77-->src/main/AndroidManifest.xml:23:18-63
78            android:value="@string/facebook_app_id" />
78-->src/main/AndroidManifest.xml:23:64-103
79        <meta-data
79-->src/main/AndroidManifest.xml:24:7-109
80            android:name="com.facebook.sdk.ClientToken"
80-->src/main/AndroidManifest.xml:24:18-61
81            android:value="@string/facebook_client_token" />
81-->src/main/AndroidManifest.xml:24:62-107
82        <meta-data
82-->src/main/AndroidManifest.xml:25:7-27:65
83            android:name="com.google.firebase.messaging.default_notification_channel_id"
83-->src/main/AndroidManifest.xml:26:7-83
84            android:value="@string/default_notification_channel_id" />
84-->src/main/AndroidManifest.xml:27:7-62
85
86        <activity
86-->src/main/AndroidManifest.xml:28:7-41:18
87            android:name="com.karimapps.khinbo.MainActivity"
87-->src/main/AndroidManifest.xml:29:9-37
88            android:configChanges="keyboard|keyboardHidden|orientation|screenLayout|screenSize|smallestScreenSize|uiMode"
88-->src/main/AndroidManifest.xml:31:9-118
89            android:exported="true"
89-->src/main/AndroidManifest.xml:34:9-32
90            android:label="@string/app_name"
90-->src/main/AndroidManifest.xml:30:9-41
91            android:launchMode="singleTask"
91-->src/main/AndroidManifest.xml:32:9-40
92            android:windowSoftInputMode="adjustResize" >
92-->src/main/AndroidManifest.xml:33:9-51
93            <intent-filter>
93-->src/main/AndroidManifest.xml:35:9-40:25
94                <action android:name="android.intent.action.MAIN" />
94-->src/main/AndroidManifest.xml:36:13-65
94-->src/main/AndroidManifest.xml:36:21-62
95                <action android:name="android.intent.action.DOWNLOAD_COMPLETE" />
95-->src/main/AndroidManifest.xml:37:13-77
95-->src/main/AndroidManifest.xml:37:21-75
96
97                <category android:name="android.intent.category.LAUNCHER" />
97-->src/main/AndroidManifest.xml:38:13-73
97-->src/main/AndroidManifest.xml:38:23-70
98            </intent-filter>
99        </activity>
100        <activity android:name="com.facebook.react.devsupport.DevSettingsActivity" />
100-->src/main/AndroidManifest.xml:42:9-85
100-->src/main/AndroidManifest.xml:42:19-83
101        <activity
101-->src/main/AndroidManifest.xml:44:5-47:44
102            android:name="com.facebook.FacebookActivity"
102-->src/main/AndroidManifest.xml:44:15-59
103            android:configChanges="keyboard|keyboardHidden|screenLayout|screenSize|orientation"
103-->src/main/AndroidManifest.xml:45:9-109
104            android:label="@string/app_name"
104-->src/main/AndroidManifest.xml:47:9-41
105            android:theme="@style/com_facebook_activity_theme" />
105-->[com.facebook.android:facebook-common:15.2.0] AndroidManifest.xml:25:13-63
106        <activity
106-->src/main/AndroidManifest.xml:48:5-57:16
107            android:name="com.facebook.CustomTabActivity"
107-->src/main/AndroidManifest.xml:49:9-54
108            android:exported="true" >
108-->src/main/AndroidManifest.xml:50:9-32
109            <intent-filter>
109-->src/main/AndroidManifest.xml:51:9-56:25
110                <action android:name="android.intent.action.VIEW" />
110-->src/main/AndroidManifest.xml:52:13-65
110-->src/main/AndroidManifest.xml:52:21-62
111
112                <category android:name="android.intent.category.DEFAULT" />
112-->src/main/AndroidManifest.xml:53:13-72
112-->src/main/AndroidManifest.xml:53:23-69
113                <category android:name="android.intent.category.BROWSABLE" />
113-->src/main/AndroidManifest.xml:54:13-74
113-->src/main/AndroidManifest.xml:54:23-71
114
115                <data android:scheme="@string/fb_login_protocol_scheme" />
115-->src/main/AndroidManifest.xml:55:13-71
115-->src/main/AndroidManifest.xml:55:19-68
116            </intent-filter>
117            <intent-filter>
117-->[com.facebook.android:facebook-common:15.2.0] AndroidManifest.xml:31:13-40:29
118                <action android:name="android.intent.action.VIEW" />
118-->src/main/AndroidManifest.xml:52:13-65
118-->src/main/AndroidManifest.xml:52:21-62
119
120                <category android:name="android.intent.category.DEFAULT" />
120-->src/main/AndroidManifest.xml:53:13-72
120-->src/main/AndroidManifest.xml:53:23-69
121                <category android:name="android.intent.category.BROWSABLE" />
121-->src/main/AndroidManifest.xml:54:13-74
121-->src/main/AndroidManifest.xml:54:23-71
122
123                <data
123-->src/main/AndroidManifest.xml:55:13-71
124                    android:host="cct.com.karimapps.Khinbo.app"
125                    android:scheme="fbconnect" />
125-->src/main/AndroidManifest.xml:55:19-68
126            </intent-filter>
127        </activity>
128        <!-- notificaions -->
129        <!-- Change the value to true to enable pop-up for in foreground on receiving remote notifications (for prevent duplicating while showing local notifications set this to false) -->
130        <meta-data
130-->src/main/AndroidManifest.xml:60:9-61:44
131            android:name="com.dieam.reactnativepushnotification.notification_foreground"
131-->src/main/AndroidManifest.xml:60:21-97
132            android:value="false" />
132-->src/main/AndroidManifest.xml:61:21-42
133        <!-- Change the resource name to your App's accent color - or any other color you want -->
134        <meta-data
134-->src/main/AndroidManifest.xml:63:9-64:54
135            android:name="com.dieam.reactnativepushnotification.notification_color"
135-->src/main/AndroidManifest.xml:63:21-92
136            android:resource="@color/white" /> <!-- or @android:color/{name} to use a standard color -->
136-->src/main/AndroidManifest.xml:64:21-52
137
138        <receiver
138-->src/main/AndroidManifest.xml:66:9-132
139            android:name="com.dieam.reactnativepushnotification.modules.RNPushNotificationActions"
139-->src/main/AndroidManifest.xml:66:19-105
140            android:exported="false" />
140-->src/main/AndroidManifest.xml:66:106-130
141        <receiver
141-->src/main/AndroidManifest.xml:67:9-134
142            android:name="com.dieam.reactnativepushnotification.modules.RNPushNotificationPublisher"
142-->src/main/AndroidManifest.xml:67:19-107
143            android:exported="false" />
143-->src/main/AndroidManifest.xml:67:108-132
144        <receiver
144-->src/main/AndroidManifest.xml:68:9-74:20
145            android:name="com.dieam.reactnativepushnotification.modules.RNPushNotificationBootEventReceiver"
145-->src/main/AndroidManifest.xml:68:19-115
146            android:exported="false" >
146-->src/main/AndroidManifest.xml:68:116-140
147            <intent-filter>
147-->src/main/AndroidManifest.xml:69:13-73:29
148                <action android:name="android.intent.action.BOOT_COMPLETED" />
148-->src/main/AndroidManifest.xml:70:17-79
148-->src/main/AndroidManifest.xml:70:25-76
149                <action android:name="android.intent.action.QUICKBOOT_POWERON" />
149-->src/main/AndroidManifest.xml:71:17-82
149-->src/main/AndroidManifest.xml:71:25-79
150                <action android:name="com.htc.intent.action.QUICKBOOT_POWERON" />
150-->src/main/AndroidManifest.xml:72:17-81
150-->src/main/AndroidManifest.xml:72:25-79
151            </intent-filter>
152        </receiver>
153
154        <service
154-->src/main/AndroidManifest.xml:76:9-82:19
155            android:name="com.dieam.reactnativepushnotification.modules.RNPushNotificationListenerService"
155-->src/main/AndroidManifest.xml:77:13-107
156            android:exported="false" >
156-->src/main/AndroidManifest.xml:78:13-37
157            <intent-filter>
157-->src/main/AndroidManifest.xml:79:13-81:29
158                <action android:name="com.google.firebase.MESSAGING_EVENT" />
158-->src/main/AndroidManifest.xml:80:17-78
158-->src/main/AndroidManifest.xml:80:25-75
159            </intent-filter>
160        </service>
161
162        <meta-data
162-->[:react-native-firebase_app] AndroidManifest.xml:11:9-13:36
163            android:name="app_data_collection_default_enabled"
163-->[:react-native-firebase_app] AndroidManifest.xml:12:13-63
164            android:value="true" />
164-->[:react-native-firebase_app] AndroidManifest.xml:13:13-33
165
166        <service
166-->[:react-native-firebase_app] AndroidManifest.xml:15:9-23:19
167            android:name="com.google.firebase.components.ComponentDiscoveryService"
167-->[:react-native-firebase_app] AndroidManifest.xml:16:13-84
168            android:directBootAware="true"
168-->[:react-native-firebase_app] AndroidManifest.xml:17:13-43
169            android:exported="false" >
169-->[:react-native-firebase_app] AndroidManifest.xml:18:13-37
170            <meta-data
170-->[:react-native-firebase_app] AndroidManifest.xml:20:13-22:85
171                android:name="com.google.firebase.components:io.invertase.firebase.app.ReactNativeFirebaseAppRegistrar"
171-->[:react-native-firebase_app] AndroidManifest.xml:21:17-120
172                android:value="com.google.firebase.components.ComponentRegistrar" />
172-->[:react-native-firebase_app] AndroidManifest.xml:22:17-82
173            <meta-data
173-->[com.google.firebase:firebase-messaging:23.0.6] AndroidManifest.xml:56:13-58:85
174                android:name="com.google.firebase.components:com.google.firebase.messaging.FirebaseMessagingRegistrar"
174-->[com.google.firebase:firebase-messaging:23.0.6] AndroidManifest.xml:57:17-119
175                android:value="com.google.firebase.components.ComponentRegistrar" />
175-->[com.google.firebase:firebase-messaging:23.0.6] AndroidManifest.xml:58:17-82
176            <meta-data
176-->[com.google.android.gms:play-services-measurement-api:21.0.0] AndroidManifest.xml:31:13-33:85
177                android:name="com.google.firebase.components:com.google.firebase.analytics.connector.internal.AnalyticsConnectorRegistrar"
177-->[com.google.android.gms:play-services-measurement-api:21.0.0] AndroidManifest.xml:32:17-139
178                android:value="com.google.firebase.components.ComponentRegistrar" />
178-->[com.google.android.gms:play-services-measurement-api:21.0.0] AndroidManifest.xml:33:17-82
179            <meta-data
179-->[com.google.firebase:firebase-datatransport:18.1.5] AndroidManifest.xml:28:13-30:85
180                android:name="com.google.firebase.components:com.google.firebase.datatransport.TransportRegistrar"
180-->[com.google.firebase:firebase-datatransport:18.1.5] AndroidManifest.xml:29:17-115
181                android:value="com.google.firebase.components.ComponentRegistrar" />
181-->[com.google.firebase:firebase-datatransport:18.1.5] AndroidManifest.xml:30:17-82
182            <meta-data
182-->[com.google.firebase:firebase-installations:17.0.1] AndroidManifest.xml:18:13-20:85
183                android:name="com.google.firebase.components:com.google.firebase.installations.FirebaseInstallationsRegistrar"
183-->[com.google.firebase:firebase-installations:17.0.1] AndroidManifest.xml:19:17-127
184                android:value="com.google.firebase.components.ComponentRegistrar" />
184-->[com.google.firebase:firebase-installations:17.0.1] AndroidManifest.xml:20:17-82
185        </service>
186
187        <provider
187-->[:react-native-firebase_app] AndroidManifest.xml:25:9-29:38
188            android:name="io.invertase.firebase.app.ReactNativeFirebaseAppInitProvider"
188-->[:react-native-firebase_app] AndroidManifest.xml:26:13-88
189            android:authorities="com.karimapps.Khinbo.app.reactnativefirebaseappinitprovider"
189-->[:react-native-firebase_app] AndroidManifest.xml:27:13-86
190            android:exported="false"
190-->[:react-native-firebase_app] AndroidManifest.xml:28:13-37
191            android:initOrder="99" />
191-->[:react-native-firebase_app] AndroidManifest.xml:29:13-35
192        <provider
192-->[:rn-fetch-blob] AndroidManifest.xml:34:9-42:20
193            android:name="com.RNFetchBlob.Utils.FileProvider"
193-->[:rn-fetch-blob] AndroidManifest.xml:35:13-62
194            android:authorities="com.karimapps.Khinbo.app.provider"
194-->[:rn-fetch-blob] AndroidManifest.xml:36:13-60
195            android:exported="false"
195-->[:rn-fetch-blob] AndroidManifest.xml:37:13-37
196            android:grantUriPermissions="true" >
196-->[:rn-fetch-blob] AndroidManifest.xml:38:13-47
197            <meta-data
197-->[:rn-fetch-blob] AndroidManifest.xml:39:13-41:58
198                android:name="android.support.FILE_PROVIDER_PATHS"
198-->[:rn-fetch-blob] AndroidManifest.xml:40:17-67
199                android:resource="@xml/provider_paths" />
199-->[:rn-fetch-blob] AndroidManifest.xml:41:17-55
200        </provider>
201
202        <activity android:name="com.facebook.CustomTabMainActivity" />
202-->[com.facebook.android:facebook-common:15.2.0] AndroidManifest.xml:26:9-71
202-->[com.facebook.android:facebook-common:15.2.0] AndroidManifest.xml:26:19-68
203        <!--
204         The initialization ContentProvider will call FacebookSdk.sdkInitialize automatically
205         with the application context. This config is merged in with the host app's manifest,
206         but there can only be one provider with the same authority activated at any given
207         point; so if the end user has two or more different apps that use Facebook SDK, only the
208         first one will be able to use the provider. To work around this problem, we use the
209         following placeholder in the authority to identify each host application as if it was
210         a completely different provider.
211        -->
212        <provider
212-->[com.facebook.android:facebook-core:15.2.0] AndroidManifest.xml:29:9-32:40
213            android:name="com.facebook.internal.FacebookInitProvider"
213-->[com.facebook.android:facebook-core:15.2.0] AndroidManifest.xml:30:13-70
214            android:authorities="com.karimapps.Khinbo.app.FacebookInitProvider"
214-->[com.facebook.android:facebook-core:15.2.0] AndroidManifest.xml:31:13-72
215            android:exported="false" />
215-->[com.facebook.android:facebook-core:15.2.0] AndroidManifest.xml:32:13-37
216
217        <receiver
217-->[com.facebook.android:facebook-core:15.2.0] AndroidManifest.xml:34:9-40:20
218            android:name="com.facebook.CurrentAccessTokenExpirationBroadcastReceiver"
218-->[com.facebook.android:facebook-core:15.2.0] AndroidManifest.xml:35:13-86
219            android:exported="false" >
219-->[com.facebook.android:facebook-core:15.2.0] AndroidManifest.xml:36:13-37
220            <intent-filter>
220-->[com.facebook.android:facebook-core:15.2.0] AndroidManifest.xml:37:13-39:29
221                <action android:name="com.facebook.sdk.ACTION_CURRENT_ACCESS_TOKEN_CHANGED" />
221-->[com.facebook.android:facebook-core:15.2.0] AndroidManifest.xml:38:17-95
221-->[com.facebook.android:facebook-core:15.2.0] AndroidManifest.xml:38:25-92
222            </intent-filter>
223        </receiver>
224        <receiver
224-->[com.facebook.android:facebook-core:15.2.0] AndroidManifest.xml:41:9-47:20
225            android:name="com.facebook.AuthenticationTokenManager$CurrentAuthenticationTokenChangedBroadcastReceiver"
225-->[com.facebook.android:facebook-core:15.2.0] AndroidManifest.xml:42:13-118
226            android:exported="false" >
226-->[com.facebook.android:facebook-core:15.2.0] AndroidManifest.xml:43:13-37
227            <intent-filter>
227-->[com.facebook.android:facebook-core:15.2.0] AndroidManifest.xml:44:13-46:29
228                <action android:name="com.facebook.sdk.ACTION_CURRENT_AUTHENTICATION_TOKEN_CHANGED" />
228-->[com.facebook.android:facebook-core:15.2.0] AndroidManifest.xml:45:17-103
228-->[com.facebook.android:facebook-core:15.2.0] AndroidManifest.xml:45:25-100
229            </intent-filter>
230        </receiver>
231
232        <activity
232-->[com.stripe:paymentsheet:19.3.1] AndroidManifest.xml:10:9-13:69
233            android:name="com.stripe.android.paymentsheet.PaymentSheetActivity"
233-->[com.stripe:paymentsheet:19.3.1] AndroidManifest.xml:11:13-80
234            android:exported="false"
234-->[com.stripe:paymentsheet:19.3.1] AndroidManifest.xml:12:13-37
235            android:theme="@style/StripePaymentSheetDefaultTheme" />
235-->[com.stripe:paymentsheet:19.3.1] AndroidManifest.xml:13:13-66
236        <activity
236-->[com.stripe:paymentsheet:19.3.1] AndroidManifest.xml:14:9-17:69
237            android:name="com.stripe.android.paymentsheet.PaymentOptionsActivity"
237-->[com.stripe:paymentsheet:19.3.1] AndroidManifest.xml:15:13-82
238            android:exported="false"
238-->[com.stripe:paymentsheet:19.3.1] AndroidManifest.xml:16:13-37
239            android:theme="@style/StripePaymentSheetDefaultTheme" />
239-->[com.stripe:paymentsheet:19.3.1] AndroidManifest.xml:17:13-66
240        <activity
240-->[com.stripe:payments-core:19.3.1] AndroidManifest.xml:17:9-20:57
241            android:name="com.stripe.android.view.AddPaymentMethodActivity"
241-->[com.stripe:payments-core:19.3.1] AndroidManifest.xml:18:13-76
242            android:exported="false"
242-->[com.stripe:payments-core:19.3.1] AndroidManifest.xml:19:13-37
243            android:theme="@style/StripeDefaultTheme" />
243-->[com.stripe:payments-core:19.3.1] AndroidManifest.xml:20:13-54
244        <activity
244-->[com.stripe:payments-core:19.3.1] AndroidManifest.xml:21:9-24:57
245            android:name="com.stripe.android.view.PaymentMethodsActivity"
245-->[com.stripe:payments-core:19.3.1] AndroidManifest.xml:22:13-74
246            android:exported="false"
246-->[com.stripe:payments-core:19.3.1] AndroidManifest.xml:23:13-37
247            android:theme="@style/StripeDefaultTheme" />
247-->[com.stripe:payments-core:19.3.1] AndroidManifest.xml:24:13-54
248        <activity
248-->[com.stripe:payments-core:19.3.1] AndroidManifest.xml:25:9-28:57
249            android:name="com.stripe.android.view.PaymentFlowActivity"
249-->[com.stripe:payments-core:19.3.1] AndroidManifest.xml:26:13-71
250            android:exported="false"
250-->[com.stripe:payments-core:19.3.1] AndroidManifest.xml:27:13-37
251            android:theme="@style/StripeDefaultTheme" />
251-->[com.stripe:payments-core:19.3.1] AndroidManifest.xml:28:13-54
252        <activity
252-->[com.stripe:payments-core:19.3.1] AndroidManifest.xml:29:9-33:58
253            android:name="com.stripe.android.view.PaymentAuthWebViewActivity"
253-->[com.stripe:payments-core:19.3.1] AndroidManifest.xml:30:13-78
254            android:exported="false"
254-->[com.stripe:payments-core:19.3.1] AndroidManifest.xml:31:13-37
255            android:theme="@style/StripeDefaultTheme"
255-->[com.stripe:payments-core:19.3.1] AndroidManifest.xml:32:13-54
256            android:windowSoftInputMode="adjustResize" />
256-->[com.stripe:payments-core:19.3.1] AndroidManifest.xml:33:13-55
257        <activity
257-->[com.stripe:payments-core:19.3.1] AndroidManifest.xml:34:9-37:61
258            android:name="com.stripe.android.view.PaymentRelayActivity"
258-->[com.stripe:payments-core:19.3.1] AndroidManifest.xml:35:13-72
259            android:exported="false"
259-->[com.stripe:payments-core:19.3.1] AndroidManifest.xml:36:13-37
260            android:theme="@style/StripeTransparentTheme" />
260-->[com.stripe:payments-core:19.3.1] AndroidManifest.xml:37:13-58
261        <!--
262        Set android:launchMode="singleTop" so that the StripeBrowserLauncherActivity instance that
263        launched the browser Activity will also handle the return URL deep link.
264        -->
265        <activity
265-->[com.stripe:payments-core:19.3.1] AndroidManifest.xml:43:9-47:61